<?xml version="1.0" encoding="UTF-8"?>
<!-- Generated by org.testng.reporters.JUnitXMLReporter -->
<testsuite ignored="26" hostname="DESKTOP-GD0S75V" failures="1" tests="9" name="Smoke" time="185.508" errors="0" timestamp="2022-10-26T19:56:19 GMT-07:00">
  <testcase classname="com.webapptestproject.testcases.IndexPageTest" name="validateLogo" time="0.331"/>
  <testcase classname="com.webapptestproject.testcases.IndexPageTest" name="validateTitle" time="0.04"/>
  <testcase classname="com.webapptestproject.testcases.SigninPageTest" name="validateLoginTest" time="21.765"/>
  <testcase classname="com.webapptestproject.testcases.SearchPageTest" name="validateSearchTest" time="7.196">
    <failure type="java.lang.AssertionError" message="expected [true] but found [false]">
      <![CDATA[java.lang.AssertionError: expected [true] but found [false]
at com.webapptestproject.testcases.SearchPageTest.validateSearchTest(SearchPageTest.java:44)
at java.base/java.util.ArrayList.forEach(ArrayList.java:1511)
... Removed 31 stack frames]]>
    </failure>
  </testcase> <!-- validateSearchTest -->
  <testcase classname="com.webapptestproject.testcases.SearchPageTest" name="verifyProductAvailability" time="5.439"/>
  <testcase classname="com.webapptestproject.testcases.HomePageTest" name="currentUrlTest" time="16.707"/>
  <testcase classname="com.webapptestproject.testcases.HomePageTest" name="orderHistoryTest" time="24.864"/>
  <testcase classname="com.webapptestproject.testcases.HomePageTest" name="personalInformationTest" time="24.209"/>
  <testcase classname="com.webapptestproject.testcases.HomePageTest" name="wishlistTest" time="12.592"/>
  <testcase classname="com.webapptestproject.testcases.OrderPageTest" name="validateTotalPriceTest" time="0.0">
    <ignored/>
  </testcase> <!-- validateTotalPriceTest -->
  <testcase classname="com.webapptestproject.base.Base" name="@BeforeSuite beforeSuite" time="0.0">
    <ignored/>
  </testcase> <!-- @BeforeSuite beforeSuite -->
  <testcase classname="com.webapptestproject.base.Base" name="@BeforeSuite beforeSuite" time="0.0">
    <ignored/>
  </testcase> <!-- @BeforeSuite beforeSuite -->
  <testcase classname="com.webapptestproject.base.Base" name="@BeforeSuite beforeSuite" time="0.0">
    <ignored/>
  </testcase> <!-- @BeforeSuite beforeSuite -->
  <testcase classname="com.webapptestproject.base.Base" name="@BeforeSuite beforeSuite" time="0.0">
    <ignored/>
  </testcase> <!-- @BeforeSuite beforeSuite -->
  <testcase classname="com.webapptestproject.base.Base" name="@BeforeSuite beforeSuite" time="0.0">
    <ignored/>
  </testcase> <!-- @BeforeSuite beforeSuite -->
  <testcase classname="com.webapptestproject.base.Base" name="@BeforeSuite beforeSuite" time="0.0">
    <ignored/>
  </testcase> <!-- @BeforeSuite beforeSuite -->
  <testcase classname="com.webapptestproject.base.Base" name="@BeforeSuite beforeSuite" time="0.0">
    <ignored/>
  </testcase> <!-- @BeforeSuite beforeSuite -->
  <testcase classname="com.webapptestproject.base.Base" name="@AfterSuite afterSuite" time="0.0">
    <ignored/>
  </testcase> <!-- @AfterSuite afterSuite -->
  <testcase classname="com.webapptestproject.base.Base" name="@AfterSuite afterSuite" time="0.0">
    <ignored/>
  </testcase> <!-- @AfterSuite afterSuite -->
  <testcase classname="com.webapptestproject.base.Base" name="@AfterSuite afterSuite" time="0.0">
    <ignored/>
  </testcase> <!-- @AfterSuite afterSuite -->
  <testcase classname="com.webapptestproject.base.Base" name="@AfterSuite afterSuite" time="0.0">
    <ignored/>
  </testcase> <!-- @AfterSuite afterSuite -->
  <testcase classname="com.webapptestproject.base.Base" name="@AfterSuite afterSuite" time="0.0">
    <ignored/>
  </testcase> <!-- @AfterSuite afterSuite -->
  <testcase classname="com.webapptestproject.base.Base" name="@AfterSuite afterSuite" time="0.0">
    <ignored/>
  </testcase> <!-- @AfterSuite afterSuite -->
  <testcase classname="com.webapptestproject.base.Base" name="@AfterSuite afterSuite" time="0.0">
    <ignored/>
  </testcase> <!-- @AfterSuite afterSuite -->
  <testcase classname="com.webapptestproject.testcases.CreateAccountPageTest" name="createAccount" time="0.0">
    <ignored/>
  </testcase> <!-- createAccount -->
  <testcase classname="com.webapptestproject.testcases.EndToEndTest" name="validateCheckoutTest" time="0.0">
    <ignored/>
  </testcase> <!-- validateCheckoutTest -->
  <testcase classname="com.webapptestproject.base.Base" name="@BeforeSuite loadConfig" time="0.0">
    <ignored/>
  </testcase> <!-- @BeforeSuite loadConfig -->
  <testcase classname="com.webapptestproject.base.Base" name="@BeforeSuite loadConfig" time="0.0">
    <ignored/>
  </testcase> <!-- @BeforeSuite loadConfig -->
  <testcase classname="com.webapptestproject.base.Base" name="@BeforeSuite loadConfig" time="0.0">
    <ignored/>
  </testcase> <!-- @BeforeSuite loadConfig -->
  <testcase classname="com.webapptestproject.base.Base" name="@BeforeSuite loadConfig" time="0.0">
    <ignored/>
  </testcase> <!-- @BeforeSuite loadConfig -->
  <testcase classname="com.webapptestproject.base.Base" name="@BeforeSuite loadConfig" time="0.0">
    <ignored/>
  </testcase> <!-- @BeforeSuite loadConfig -->
  <testcase classname="com.webapptestproject.base.Base" name="@BeforeSuite loadConfig" time="0.0">
    <ignored/>
  </testcase> <!-- @BeforeSuite loadConfig -->
  <testcase classname="com.webapptestproject.base.Base" name="@BeforeSuite loadConfig" time="0.0">
    <ignored/>
  </testcase> <!-- @BeforeSuite loadConfig -->
  <testcase classname="com.webapptestproject.testcases.CreateAccountPageTest" name="verifyAccountPageTest" time="0.0">
    <ignored/>
  </testcase> <!-- verifyAccountPageTest -->
  <testcase classname="com.webapptestproject.testcases.CartPageTest" name="addToCartTest" time="0.0">
    <ignored/>
  </testcase> <!-- addToCartTest -->
</testsuite> <!-- Smoke -->
