<?xml version="1.0" encoding="UTF-8"?>
<!-- Generated by org.testng.reporters.JUnitXMLReporter -->
<testsuite ignored="14" hostname="DESKTOP-GD0S75V" failures="2" tests="14" name="Test_All" time="319.208" errors="0" timestamp="2022-10-26T20:29:57 GMT-07:00">
  <testcase classname="com.webapptestproject.testcases.OrderPageTest" name="validateTotalPriceTest" time="29.889">
    <failure type="java.lang.NumberFormatException" message="empty String">
      <![CDATA[java.lang.NumberFormatException: empty String
at java.base/jdk.internal.math.FloatingDecimal.readJavaFormatString(FloatingDecimal.java:1842)
at java.base/jdk.internal.math.FloatingDecimal.parseDouble(FloatingDecimal.java:110)
at java.base/java.lang.Double.parseDouble(Double.java:651)
at com.webapptestproject.pageobject.OrderSummaryPage.getProductQuantityValue(OrderSummaryPage.java:77)
at com.webapptestproject.pageobject.OrderSummaryPage.getTotalProductPriceValue(OrderSummaryPage.java:64)
at com.webapptestproject.pageobject.OrderSummaryPage.validateTotalPrice(OrderSummaryPage.java:38)
at com.webapptestproject.testcases.OrderPageTest.validateTotalPriceTest(OrderPageTest.java:48)
at java.base/java.util.ArrayList.forEach(ArrayList.java:1511)
... Removed 27 stack frames]]>
    </failure>
  </testcase> <!-- validateTotalPriceTest -->
  <testcase classname="com.webapptestproject.testcases.CreateAccountPageTest" name="createAccount" time="0.0">
    <skipped/>
  </testcase> <!-- createAccount -->
  <testcase classname="com.webapptestproject.testcases.CreateAccountPageTest" name="verifyAccountPageTest" time="0.0">
    <skipped/>
  </testcase> <!-- verifyAccountPageTest -->
  <testcase classname="com.webapptestproject.testcases.IndexPageTest" name="validateLogo" time="0.266"/>
  <testcase classname="com.webapptestproject.testcases.IndexPageTest" name="validateTitle" time="0.032"/>
  <testcase classname="com.webapptestproject.testcases.CartPageTest" name="addToCartTest" time="11.023"/>
  <testcase classname="com.webapptestproject.testcases.SigninPageTest" name="validateLoginTest" time="25.149"/>
  <testcase classname="com.webapptestproject.testcases.EndToEndTest" name="validateCheckoutTest" time="51.965"/>
  <testcase classname="com.webapptestproject.testcases.SearchPageTest" name="validateSearchTest" time="8.364">
    <failure type="java.lang.AssertionError" message="expected [true] but found [false]">
      <![CDATA[java.lang.AssertionError: expected [true] but found [false]
at com.webapptestproject.testcases.SearchPageTest.validateSearchTest(SearchPageTest.java:44)
at java.base/java.util.ArrayList.forEach(ArrayList.java:1511)
... Removed 31 stack frames]]>
    </failure>
  </testcase> <!-- validateSearchTest -->
  <testcase classname="com.webapptestproject.testcases.SearchPageTest" name="verifyProductAvailability" time="5.334"/>
  <testcase classname="com.webapptestproject.testcases.HomePageTest" name="currentUrlTest" time="14.091"/>
  <testcase classname="com.webapptestproject.testcases.HomePageTest" name="orderHistoryTest" time="14.183"/>
  <testcase classname="com.webapptestproject.testcases.HomePageTest" name="personalInformationTest" time="26.85"/>
  <testcase classname="com.webapptestproject.testcases.HomePageTest" name="wishlistTest" time="20.626"/>
  <testcase classname="com.webapptestproject.base.Base" name="@BeforeSuite loadConfig" time="0.0">
    <ignored/>
  </testcase> <!-- @BeforeSuite loadConfig -->
  <testcase classname="com.webapptestproject.base.Base" name="@BeforeSuite loadConfig" time="0.0">
    <ignored/>
  </testcase> <!-- @BeforeSuite loadConfig -->
  <testcase classname="com.webapptestproject.base.Base" name="@BeforeSuite loadConfig" time="0.0">
    <ignored/>
  </testcase> <!-- @BeforeSuite loadConfig -->
  <testcase classname="com.webapptestproject.base.Base" name="@BeforeSuite loadConfig" time="0.0">
    <ignored/>
  </testcase> <!-- @BeforeSuite loadConfig -->
  <testcase classname="com.webapptestproject.base.Base" name="@BeforeSuite loadConfig" time="0.0">
    <ignored/>
  </testcase> <!-- @BeforeSuite loadConfig -->
  <testcase classname="com.webapptestproject.base.Base" name="@BeforeSuite loadConfig" time="0.0">
    <ignored/>
  </testcase> <!-- @BeforeSuite loadConfig -->
  <testcase classname="com.webapptestproject.base.Base" name="@BeforeSuite loadConfig" time="0.0">
    <ignored/>
  </testcase> <!-- @BeforeSuite loadConfig -->
  <testcase classname="com.webapptestproject.base.Base" name="@AfterSuite afterSuite" time="0.0">
    <ignored/>
  </testcase> <!-- @AfterSuite afterSuite -->
  <testcase classname="com.webapptestproject.base.Base" name="@AfterSuite afterSuite" time="0.0">
    <ignored/>
  </testcase> <!-- @AfterSuite afterSuite -->
  <testcase classname="com.webapptestproject.base.Base" name="@AfterSuite afterSuite" time="0.0">
    <ignored/>
  </testcase> <!-- @AfterSuite afterSuite -->
  <testcase classname="com.webapptestproject.base.Base" name="@AfterSuite afterSuite" time="0.0">
    <ignored/>
  </testcase> <!-- @AfterSuite afterSuite -->
  <testcase classname="com.webapptestproject.base.Base" name="@AfterSuite afterSuite" time="0.0">
    <ignored/>
  </testcase> <!-- @AfterSuite afterSuite -->
  <testcase classname="com.webapptestproject.base.Base" name="@AfterSuite afterSuite" time="0.0">
    <ignored/>
  </testcase> <!-- @AfterSuite afterSuite -->
  <testcase classname="com.webapptestproject.base.Base" name="@AfterSuite afterSuite" time="0.0">
    <ignored/>
  </testcase> <!-- @AfterSuite afterSuite -->
</testsuite> <!-- Test_All -->
